Lab/Task1.1/baocn/app/build/intermediates/manifest_merge_blame_file/debug/manifest-merger-blame-debug-report.txt
1<?xml version="1.0" encoding="utf-8"?>
2<!--
3  Developed by Haerul Muttaqin
4  Last modified 3/17/19 5:24 AM
5  Subscribe : https://www.youtube.com/haerulmuttaqin
6  Copyright (c) 2019. All rights reserved
7-->
8<manifest xmlns:android="http://schemas.android.com/apk/res/android"
9    package="com.haerul.foodsapp2"
10    android:versionCode="1"
11    android:versionName="1.0" >
12
13    <uses-sdk
14        android:minSdkVersion="15"
14-->src\main\AndroidManifest.xml
15        android:targetSdkVersion="28" />
15-->src\main\AndroidManifest.xml
16
17    <uses-permission android:name="android.permission.INTERNET" />
17-->src\main\AndroidManifest.xml:11:5-67
17-->src\main\AndroidManifest.xml:11:22-64
18
19    <application
19-->src\main\AndroidManifest.xml:13:5-37:19
20        android:allowBackup="true"
20-->src\main\AndroidManifest.xml:14:9-35
21        android:appComponentFactory="androidx.core.app.CoreComponentFactory"
21-->[androidx.core:core:1.0.0] AndroidManifest.xml:22:18-86
22        android:debuggable="true"
23        android:icon="@mipmap/ic_launcher"
23-->src\main\AndroidManifest.xml:15:9-43
24        android:label="@string/app_name"
24-->src\main\AndroidManifest.xml:16:9-41
25        android:roundIcon="@mipmap/ic_launcher_round"
25-->src\main\AndroidManifest.xml:17:9-54
26        android:supportsRtl="true"
26-->src\main\AndroidManifest.xml:18:9-35
27        android:testOnly="true"
28        android:theme="@style/AppTheme" >
28-->src\main\AndroidManifest.xml:19:9-40
29        <activity
29-->src\main\AndroidManifest.xml:20:9-29:20
30            android:name="com.haerul.foodsapp.view.home.HomeActivity"
30-->src\main\AndroidManifest.xml:21:13-51
31            android:theme="@style/AppTheme" >
31-->src\main\AndroidManifest.xml:22:13-44
32            <intent-filter>
32-->src\main\AndroidManifest.xml:23:13-28:29
33                <action android:name="android.intent.action.MAIN" />
33-->src\main\AndroidManifest.xml:24:17-69
33-->src\main\AndroidManifest.xml:24:25-66
34                <action android:name="android.intent.action.VIEW" />
34-->src\main\AndroidManifest.xml:25:17-69
34-->src\main\AndroidManifest.xml:25:25-66
35
36                <category android:name="android.intent.category.LAUNCHER" />
36-->src\main\AndroidManifest.xml:27:17-77
36-->src\main\AndroidManifest.xml:27:27-74
37            </intent-filter>
38        </activity>
39        <activity
39-->src\main\AndroidManifest.xml:30:9-34:39
40            android:name="com.haerul.foodsapp.view.category.CategoryActivity"
40-->src\main\AndroidManifest.xml:31:13-59
41            android:label="Category"
41-->src\main\AndroidManifest.xml:34:13-37
42            android:screenOrientation="portrait"
42-->src\main\AndroidManifest.xml:33:13-49
43            android:theme="@style/AppTheme" />
43-->src\main\AndroidManifest.xml:32:13-44
44        <activity
44-->src\main\AndroidManifest.xml:35:9-36:58
45            android:name="com.haerul.foodsapp.view.detail.DetailActivity"
45-->src\main\AndroidManifest.xml:35:19-61
46            android:theme="@style/AppTheme.NoActionBar" />
46-->src\main\AndroidManifest.xml:36:13-56
47
48        <provider
48-->[com.squareup.picasso:picasso:2.71828] AndroidManifest.xml:8:9-11:40
49            android:name="com.squareup.picasso.PicassoProvider"
49-->[com.squareup.picasso:picasso:2.71828] AndroidManifest.xml:9:13-64
50            android:authorities="com.haerul.foodsapp2.com.squareup.picasso"
50-->[com.squareup.picasso:picasso:2.71828] AndroidManifest.xml:10:13-72
51            android:exported="false" />
51-->[com.squareup.picasso:picasso:2.71828] AndroidManifest.xml:11:13-37
52    </application>
53
54</manifest>